# JRE version: 7.0_25-b17
# Java VM: Java HotSpot(TM) Client VM (23.25-b01 mixed mode, sharing windows-x86 )
Heap
 def new generation   total 4992K, used 659K [0x23470000, 0x239d0000, 0x289c0000)
  eden space 4480K,   4% used [0x23470000, 0x234a31d0, 0x238d0000)
  from space 512K,  88% used [0x238d0000, 0x23941b00, 0x23950000)
  to   space 512K,   0% used [0x23950000, 0x23950000, 0x239d0000)
 tenured generation   total 20164K, used 14235K [0x289c0000, 0x29d71000, 0x33470000)
   the space 20164K,  70% used [0x289c0000, 0x297a6de8, 0x297a6e00, 0x29d71000)
 compacting perm gen  total 12288K, used 2407K [0x33470000, 0x34070000, 0x37470000)
   the space 12288K,  19% used [0x33470000, 0x336c9ed8, 0x336ca000, 0x34070000)
    ro space 10240K,  45% used [0x37470000, 0x378f9b28, 0x378f9c00, 0x37e70000)
    rw space 12288K,  54% used [0x37e70000, 0x384fd0e8, 0x384fd200, 0x38a70000)
GC Heap History (10 events):
Event: 3.242 GC heap before
{Heap before GC invocations=5 (full 1):
 def new generation   total 4992K, used 4992K [0x23470000, 0x239d0000, 0x289c0000)
  eden space 4480K, 100% used [0x23470000, 0x238d0000, 0x238d0000)
  from space 512K, 100% used [0x23950000, 0x239d0000, 0x239d0000)
  to   space 512K,   0% used [0x238d0000, 0x238d0000, 0x23950000)
 tenured generation   total 20164K, used 13723K [0x289c0000, 0x29d71000, 0x33470000)
   the space 20164K,  68% used [0x289c0000, 0x29726f98, 0x29727000, 0x29d71000)
 compacting perm gen  total 12288K, used 2337K [0x33470000, 0x34070000, 0x37470000)
   the space 12288K,  19% used [0x33470000, 0x336b8780, 0x336b8800, 0x34070000)
    ro space 10240K,  45% used [0x37470000, 0x378f9b28, 0x378f9c00, 0x37e70000)
    rw space 12288K,  54% used [0x37e70000, 0x384fd0e8, 0x384fd200, 0x38a70000)
Event: 3.243 GC heap after
Heap after GC invocations=6 (full 1):
 def new generation   total 4992K, used 9K [0x23470000, 0x239d0000, 0x289c0000)
  eden space 4480K,   0% used [0x23470000, 0x23470000, 0x238d0000)
  from space 512K,   1% used [0x238d0000, 0x238d24d0, 0x23950000)
  to   space 512K,   0% used [0x23950000, 0x23950000, 0x239d0000)
 tenured generation   total 20164K, used 14235K [0x289c0000, 0x29d71000, 0x33470000)
   the space 20164K,  70% used [0x289c0000, 0x297a6de8, 0x297a6e00, 0x29d71000)
 compacting perm gen  total 12288K, used 2337K [0x33470000, 0x34070000, 0x37470000)
   the space 12288K,  19% used [0x33470000, 0x336b8780, 0x336b8800, 0x34070000)
    ro space 10240K,  45% used [0x37470000, 0x378f9b28, 0x378f9c00, 0x37e70000)
    rw space 12288K,  54% used [0x37e70000, 0x384fd0e8, 0x384fd200, 0x38a70000)
}
Event: 3.246 GC heap before
{Heap before GC invocations=6 (full 1):
 def new generation   total 4992K, used 4489K [0x23470000, 0x239d0000, 0x289c0000)
  eden space 4480K, 100% used [0x23470000, 0x238d0000, 0x238d0000)
  from space 512K,   1% used [0x238d0000, 0x238d24d0, 0x23950000)
  to   space 512K,   0% used [0x23950000, 0x23950000, 0x239d0000)
 tenured generation   total 20164K, used 14235K [0x289c0000, 0x29d71000, 0x33470000)
   the space 20164K,  70% used [0x289c0000, 0x297a6de8, 0x297a6e00, 0x29d71000)
 compacting perm gen  total 12288K, used 2337K [0x33470000, 0x34070000, 0x37470000)
   the space 12288K,  19% used [0x33470000, 0x336b8780, 0x336b8800, 0x34070000)
    ro space 10240K,  45% used [0x37470000, 0x378f9b28, 0x378f9c00, 0x37e70000)
    rw space 12288K,  54% used [0x37e70000, 0x384fd0e8, 0x384fd200, 0x38a70000)
Event: 3.247 GC heap after
Heap after GC invocations=7 (full 1):
 def new generation   total 4992K, used 17K [0x23470000, 0x239d0000, 0x289c0000)
  eden space 4480K,   0% used [0x23470000, 0x23470000, 0x238d0000)
  from space 512K,   3% used [0x23950000, 0x23954708, 0x239d0000)
  to   space 512K,   0% used [0x238d0000, 0x238d0000, 0x23950000)
 tenured generation   total 20164K, used 14235K [0x289c0000, 0x29d71000, 0x33470000)
   the space 20164K,  70% used [0x289c0000, 0x297a6de8, 0x297a6e00, 0x29d71000)
 compacting perm gen  total 12288K, used 2337K [0x33470000, 0x34070000, 0x37470000)
   the space 12288K,  19% used [0x33470000, 0x336b8780, 0x336b8800, 0x34070000)
    ro space 10240K,  45% used [0x37470000, 0x378f9b28, 0x378f9c00, 0x37e70000)
    rw space 12288K,  54% used [0x37e70000, 0x384fd0e8, 0x384fd200, 0x38a70000)
}
Event: 3.249 GC heap before
{Heap before GC invocations=7 (full 1):
 def new generation   total 4992K, used 4497K [0x23470000, 0x239d0000, 0x289c0000)
  eden space 4480K, 100% used [0x23470000, 0x238d0000, 0x238d0000)
  from space 512K,   3% used [0x23950000, 0x23954708, 0x239d0000)
  to   space 512K,   0% used [0x238d0000, 0x238d0000, 0x23950000)
 tenured generation   total 20164K, used 14235K [0x289c0000, 0x29d71000, 0x33470000)
   the space 20164K,  70% used [0x289c0000, 0x297a6de8, 0x297a6e00, 0x29d71000)
 compacting perm gen  total 12288K, used 2337K [0x33470000, 0x34070000, 0x37470000)
   the space 12288K,  19% used [0x33470000, 0x336b8780, 0x336b8800, 0x34070000)
    ro space 10240K,  45% used [0x37470000, 0x378f9b28, 0x378f9c00, 0x37e70000)
    rw space 12288K,  54% used [0x37e70000, 0x384fd0e8, 0x384fd200, 0x38a70000)
Event: 3.250 GC heap after
Heap after GC invocations=8 (full 1):
 def new generation   total 4992K, used 25K [0x23470000, 0x239d0000, 0x289c0000)
  eden space 4480K,   0% used [0x23470000, 0x23470000, 0x238d0000)
  from space 512K,   5% used [0x238d0000, 0x238d66f8, 0x23950000)
  to   space 512K,   0% used [0x23950000, 0x23950000, 0x239d0000)
 tenured generation   total 20164K, used 14235K [0x289c0000, 0x29d71000, 0x33470000)
   the space 20164K,  70% used [0x289c0000, 0x297a6de8, 0x297a6e00, 0x29d71000)
 compacting perm gen  total 12288K, used 2337K [0x33470000, 0x34070000, 0x37470000)
   the space 12288K,  19% used [0x33470000, 0x336b8780, 0x336b8800, 0x34070000)
    ro space 10240K,  45% used [0x37470000, 0x378f9b28, 0x378f9c00, 0x37e70000)
    rw space 12288K,  54% used [0x37e70000, 0x384fd0e8, 0x384fd200, 0x38a70000)
}
Event: 3.254 GC heap before
{Heap before GC invocations=8 (full 1):
 def new generation   total 4992K, used 4505K [0x23470000, 0x239d0000, 0x289c0000)
  eden space 4480K, 100% used [0x23470000, 0x238d0000, 0x238d0000)
  from space 512K,   5% used [0x238d0000, 0x238d66f8, 0x23950000)
  to   space 512K,   0% used [0x23950000, 0x23950000, 0x239d0000)
 tenured generation   total 20164K, used 14235K [0x289c0000, 0x29d71000, 0x33470000)
   the space 20164K,  70% used [0x289c0000, 0x297a6de8, 0x297a6e00, 0x29d71000)
 compacting perm gen  total 12288K, used 2337K [0x33470000, 0x34070000, 0x37470000)
   the space 12288K,  19% used [0x33470000, 0x336b8780, 0x336b8800, 0x34070000)
    ro space 10240K,  45% used [0x37470000, 0x378f9b28, 0x378f9c00, 0x37e70000)
    rw space 12288K,  54% used [0x37e70000, 0x384fd0e8, 0x384fd200, 0x38a70000)
Event: 3.254 GC heap after
Heap after GC invocations=9 (full 1):
 def new generation   total 4992K, used 85K [0x23470000, 0x239d0000, 0x289c0000)
  eden space 4480K,   0% used [0x23470000, 0x23470000, 0x238d0000)
  from space 512K,  16% used [0x23950000, 0x23965680, 0x239d0000)
  to   space 512K,   0% used [0x238d0000, 0x238d0000, 0x23950000)
 tenured generation   total 20164K, used 14235K [0x289c0000, 0x29d71000, 0x33470000)
   the space 20164K,  70% used [0x289c0000, 0x297a6de8, 0x297a6e00, 0x29d71000)
 compacting perm gen  total 12288K, used 2337K [0x33470000, 0x34070000, 0x37470000)
   the space 12288K,  19% used [0x33470000, 0x336b8780, 0x336b8800, 0x34070000)
    ro space 10240K,  45% used [0x37470000, 0x378f9b28, 0x378f9c00, 0x37e70000)
    rw space 12288K,  54% used [0x37e70000, 0x384fd0e8, 0x384fd200, 0x38a70000)
}
Event: 5.962 GC heap before
{Heap before GC invocations=9 (full 1):
 def new generation   total 4992K, used 4565K [0x23470000, 0x239d0000, 0x289c0000)
  eden space 4480K, 100% used [0x23470000, 0x238d0000, 0x238d0000)
  from space 512K,  16% used [0x23950000, 0x23965680, 0x239d0000)
  to   space 512K,   0% used [0x238d0000, 0x238d0000, 0x23950000)
 tenured generation   total 20164K, used 14235K [0x289c0000, 0x29d71000, 0x33470000)
   the space 20164K,  70% used [0x289c0000, 0x297a6de8, 0x297a6e00, 0x29d71000)
 compacting perm gen  total 12288K, used 2394K [0x33470000, 0x34070000, 0x37470000)
   the space 12288K,  19% used [0x33470000, 0x336c6b48, 0x336c6c00, 0x34070000)
    ro space 10240K,  45% used [0x37470000, 0x378f9b28, 0x378f9c00, 0x37e70000)
    rw space 12288K,  54% used [0x37e70000, 0x384fd0e8, 0x384fd200, 0x38a70000)
Event: 5.963 GC heap after
Heap after GC invocations=10 (full 1):
 def new generation   total 4992K, used 454K [0x23470000, 0x239d0000, 0x289c0000)
  eden space 4480K,   0% used [0x23470000, 0x23470000, 0x238d0000)
  from space 512K,  88% used [0x238d0000, 0x23941b00, 0x23950000)
  to   space 512K,   0% used [0x23950000, 0x23950000, 0x239d0000)
 tenured generation   total 20164K, used 14235K [0x289c0000, 0x29d71000, 0x33470000)
   the space 20164K,  70% used [0x289c0000, 0x297a6de8, 0x297a6e00, 0x29d71000)
 compacting perm gen  total 12288K, used 2394K [0x33470000, 0x34070000, 0x37470000)
   the space 12288K,  19% used [0x33470000, 0x336c6b48, 0x336c6c00, 0x34070000)
    ro space 10240K,  45% used [0x37470000, 0x378f9b28, 0x378f9c00, 0x37e70000)
    rw space 12288K,  54% used [0x37e70000, 0x384fd0e8, 0x384fd200, 0x38a70000)
}

