# JRE version: 7.0_25-b17
# Java VM: Java HotSpot(TM) Client VM (23.25-b01 mixed mode, sharing windows-x86 )
Heap
 def new generation   total 9152K, used 7397K [0x23470000, 0x23e50000, 0x289c0000)
  eden space 8192K,  90% used [0x23470000, 0x23ba9590, 0x23c70000)
  from space 960K,   0% used [0x23d60000, 0x23d60140, 0x23e50000)
  to   space 960K,   0% used [0x23c70000, 0x23c70000, 0x23d60000)
 tenured generation   total 20164K, used 13664K [0x289c0000, 0x29d71000, 0x33470000)
   the space 20164K,  67% used [0x289c0000, 0x29718290, 0x29718400, 0x29d71000)
 compacting perm gen  total 12288K, used 2437K [0x33470000, 0x34070000, 0x37470000)
   the space 12288K,  19% used [0x33470000, 0x336d1638, 0x336d1800, 0x34070000)
    ro space 10240K,  45% used [0x37470000, 0x378f9b28, 0x378f9c00, 0x37e70000)
    rw space 12288K,  54% used [0x37e70000, 0x384fd0e8, 0x384fd200, 0x38a70000)
GC Heap History (10 events):
Event: 1.407 GC heap before
{Heap before GC invocations=3 (full 1):
 def new generation   total 4992K, used 4480K [0x23470000, 0x239d0000, 0x289c0000)
  eden space 4480K, 100% used [0x23470000, 0x238d0000, 0x238d0000)
  from space 512K,   0% used [0x23950000, 0x23950160, 0x239d0000)
  to   space 512K,   0% used [0x238d0000, 0x238d0000, 0x23950000)
 tenured generation   total 20164K, used 13274K [0x289c0000, 0x29d71000, 0x33470000)
   the space 20164K,  65% used [0x289c0000, 0x296b6978, 0x296b6a00, 0x29d71000)
 compacting perm gen  total 12288K, used 2182K [0x33470000, 0x34070000, 0x37470000)
   the space 12288K,  17% used [0x33470000, 0x33691b10, 0x33691c00, 0x34070000)
    ro space 10240K,  45% used [0x37470000, 0x378f9b28, 0x378f9c00, 0x37e70000)
    rw space 12288K,  54% used [0x37e70000, 0x384fd0e8, 0x384fd200, 0x38a70000)
Event: 1.408 GC heap after
Heap after GC invocations=4 (full 1):
 def new generation   total 4992K, used 0K [0x23470000, 0x239d0000, 0x289c0000)
  eden space 4480K,   0% used [0x23470000, 0x23470000, 0x238d0000)
  from space 512K,   0% used [0x238d0000, 0x238d0160, 0x23950000)
  to   space 512K,   0% used [0x23950000, 0x23950000, 0x239d0000)
 tenured generation   total 20164K, used 13274K [0x289c0000, 0x29d71000, 0x33470000)
   the space 20164K,  65% used [0x289c0000, 0x296b6978, 0x296b6a00, 0x29d71000)
 compacting perm gen  total 12288K, used 2182K [0x33470000, 0x34070000, 0x37470000)
   the space 12288K,  17% used [0x33470000, 0x33691b10, 0x33691c00, 0x34070000)
    ro space 10240K,  45% used [0x37470000, 0x378f9b28, 0x378f9c00, 0x37e70000)
    rw space 12288K,  54% used [0x37e70000, 0x384fd0e8, 0x384fd200, 0x38a70000)
}
Event: 1.509 GC heap before
{Heap before GC invocations=4 (full 1):
 def new generation   total 4992K, used 4480K [0x23470000, 0x239d0000, 0x289c0000)
  eden space 4480K, 100% used [0x23470000, 0x238d0000, 0x238d0000)
  from space 512K,   0% used [0x238d0000, 0x238d0160, 0x23950000)
  to   space 512K,   0% used [0x23950000, 0x23950000, 0x239d0000)
 tenured generation   total 20164K, used 13274K [0x289c0000, 0x29d71000, 0x33470000)
   the space 20164K,  65% used [0x289c0000, 0x296b6978, 0x296b6a00, 0x29d71000)
 compacting perm gen  total 12288K, used 2336K [0x33470000, 0x34070000, 0x37470000)
   the space 12288K,  19% used [0x33470000, 0x336b80c8, 0x336b8200, 0x34070000)
    ro space 10240K,  45% used [0x37470000, 0x378f9b28, 0x378f9c00, 0x37e70000)
    rw space 12288K,  54% used [0x37e70000, 0x384fd0e8, 0x384fd200, 0x38a70000)
Event: 1.511 GC heap after
Heap after GC invocations=5 (full 1):
 def new generation   total 4992K, used 426K [0x23470000, 0x239d0000, 0x289c0000)
  eden space 4480K,   0% used [0x23470000, 0x23470000, 0x238d0000)
  from space 512K,  83% used [0x23950000, 0x239babb8, 0x239d0000)
  to   space 512K,   0% used [0x238d0000, 0x238d0000, 0x23950000)
 tenured generation   total 20164K, used 13274K [0x289c0000, 0x29d71000, 0x33470000)
   the space 20164K,  65% used [0x289c0000, 0x296b6978, 0x296b6a00, 0x29d71000)
 compacting perm gen  total 12288K, used 2336K [0x33470000, 0x34070000, 0x37470000)
   the space 12288K,  19% used [0x33470000, 0x336b80c8, 0x336b8200, 0x34070000)
    ro space 10240K,  45% used [0x37470000, 0x378f9b28, 0x378f9c00, 0x37e70000)
    rw space 12288K,  54% used [0x37e70000, 0x384fd0e8, 0x384fd200, 0x38a70000)
}
Event: 8.632 GC heap before
{Heap before GC invocations=5 (full 1):
 def new generation   total 4992K, used 4906K [0x23470000, 0x239d0000, 0x289c0000)
  eden space 4480K, 100% used [0x23470000, 0x238d0000, 0x238d0000)
  from space 512K,  83% used [0x23950000, 0x239babb8, 0x239d0000)
  to   space 512K,   0% used [0x238d0000, 0x238d0000, 0x23950000)
 tenured generation   total 20164K, used 13274K [0x289c0000, 0x29d71000, 0x33470000)
   the space 20164K,  65% used [0x289c0000, 0x296b6978, 0x296b6a00, 0x29d71000)
 compacting perm gen  total 12288K, used 2414K [0x33470000, 0x34070000, 0x37470000)
   the space 12288K,  19% used [0x33470000, 0x336cb948, 0x336cba00, 0x34070000)
    ro space 10240K,  45% used [0x37470000, 0x378f9b28, 0x378f9c00, 0x37e70000)
    rw space 12288K,  54% used [0x37e70000, 0x384fd0e8, 0x384fd200, 0x38a70000)
Event: 8.633 GC heap after
Heap after GC invocations=6 (full 1):
 def new generation   total 4992K, used 478K [0x23470000, 0x239d0000, 0x289c0000)
  eden space 4480K,   0% used [0x23470000, 0x23470000, 0x238d0000)
  from space 512K,  93% used [0x238d0000, 0x23947a18, 0x23950000)
  to   space 512K,   0% used [0x23950000, 0x23950000, 0x239d0000)
 tenured generation   total 20164K, used 13636K [0x289c0000, 0x29d71000, 0x33470000)
   the space 20164K,  67% used [0x289c0000, 0x297110e8, 0x29711200, 0x29d71000)
 compacting perm gen  total 12288K, used 2414K [0x33470000, 0x34070000, 0x37470000)
   the space 12288K,  19% used [0x33470000, 0x336cb948, 0x336cba00, 0x34070000)
    ro space 10240K,  45% used [0x37470000, 0x378f9b28, 0x378f9c00, 0x37e70000)
    rw space 12288K,  54% used [0x37e70000, 0x384fd0e8, 0x384fd200, 0x38a70000)
}
Event: 8.678 GC heap before
{Heap before GC invocations=6 (full 1):
 def new generation   total 4992K, used 1913K [0x23470000, 0x239d0000, 0x289c0000)
  eden space 4480K,  32% used [0x23470000, 0x235d6bb0, 0x238d0000)
  from space 512K,  93% used [0x238d0000, 0x23947a18, 0x23950000)
  to   space 512K,   0% used [0x23950000, 0x23950000, 0x239d0000)
 tenured generation   total 20164K, used 13636K [0x289c0000, 0x29d71000, 0x33470000)
   the space 20164K,  67% used [0x289c0000, 0x297110e8, 0x29711200, 0x29d71000)
 compacting perm gen  total 12288K, used 2414K [0x33470000, 0x34070000, 0x37470000)
   the space 12288K,  19% used [0x33470000, 0x336cb948, 0x336cba00, 0x34070000)
    ro space 10240K,  45% used [0x37470000, 0x378f9b28, 0x378f9c00, 0x37e70000)
    rw space 12288K,  54% used [0x37e70000, 0x384fd0e8, 0x384fd200, 0x38a70000)
Event: 8.697 GC heap after
Heap after GC invocations=7 (full 2):
 def new generation   total 9152K, used 0K [0x23470000, 0x23e50000, 0x289c0000)
  eden space 8192K,   0% used [0x23470000, 0x23470000, 0x23c70000)
  from space 960K,   0% used [0x23c70000, 0x23c70000, 0x23d60000)
  to   space 960K,   0% used [0x23d60000, 0x23d60000, 0x23e50000)
 tenured generation   total 20164K, used 4448K [0x289c0000, 0x29d71000, 0x33470000)
   the space 20164K,  22% used [0x289c0000, 0x28e18280, 0x28e18400, 0x29d71000)
 compacting perm gen  total 12288K, used 2414K [0x33470000, 0x34070000, 0x37470000)
   the space 12288K,  19% used [0x33470000, 0x336cb948, 0x336cba00, 0x34070000)
    ro space 10240K,  45% used [0x37470000, 0x378f9b28, 0x378f9c00, 0x37e70000)
    rw space 12288K,  54% used [0x37e70000, 0x384fd0e8, 0x384fd200, 0x38a70000)
}
Event: 8.847 GC heap before
{Heap before GC invocations=7 (full 2):
 def new generation   total 9152K, used 8189K [0x23470000, 0x23e50000, 0x289c0000)
  eden space 8192K,  99% used [0x23470000, 0x23c6f580, 0x23c70000)
  from space 960K,   0% used [0x23c70000, 0x23c70000, 0x23d60000)
  to   space 960K,   0% used [0x23d60000, 0x23d60000, 0x23e50000)
 tenured generation   total 20164K, used 13664K [0x289c0000, 0x29d71000, 0x33470000)
   the space 20164K,  67% used [0x289c0000, 0x29718290, 0x29718400, 0x29d71000)
 compacting perm gen  total 12288K, used 2414K [0x33470000, 0x34070000, 0x37470000)
   the space 12288K,  19% used [0x33470000, 0x336cb948, 0x336cba00, 0x34070000)
    ro space 10240K,  45% used [0x37470000, 0x378f9b28, 0x378f9c00, 0x37e70000)
    rw space 12288K,  54% used [0x37e70000, 0x384fd0e8, 0x384fd200, 0x38a70000)
Event: 8.848 GC heap after
Heap after GC invocations=8 (full 2):
 def new generation   total 9152K, used 0K [0x23470000, 0x23e50000, 0x289c0000)
  eden space 8192K,   0% used [0x23470000, 0x23470000, 0x23c70000)
  from space 960K,   0% used [0x23d60000, 0x23d60140, 0x23e50000)
  to   space 960K,   0% used [0x23c70000, 0x23c70000, 0x23d60000)
 tenured generation   total 20164K, used 13664K [0x289c0000, 0x29d71000, 0x33470000)
   the space 20164K,  67% used [0x289c0000, 0x29718290, 0x29718400, 0x29d71000)
 compacting perm gen  total 12288K, used 2414K [0x33470000, 0x34070000, 0x37470000)
   the space 12288K,  19% used [0x33470000, 0x336cb948, 0x336cba00, 0x34070000)
    ro space 10240K,  45% used [0x37470000, 0x378f9b28, 0x378f9c00, 0x37e70000)
    rw space 12288K,  54% used [0x37e70000, 0x384fd0e8, 0x384fd200, 0x38a70000)
}

